<?xml version="1.0" encoding="UTF-8"?>
<testsuite name="com.retochoucair.runners.PostsRunner" tests="0" skipped="0" failures="0" errors="0" timestamp="1970-01-01T00:00:00" hostname="MacBook-Pro-de-Mario.local" time="0.0">
  <properties/>
  <system-out><![CDATA[@Regression
Feature: Como usuario de la plataforma, requiero crear posts en la plataforma y validar escenarios alternos

  Background: Diligenciamiento exitoso del formulario de autenticación, no se presenta ningún mensaje de validación. # src/test/resources/features/posts.feature:5

1 Scenarios (1 passed)
6 Steps (6 passed)
0m32.749s

]]></system-out>
  <system-err><![CDATA[[Test worker] INFO  - ?[96m

-------------------------------------------------------------------------------------
     _______. _______ .______       _______ .__   __.  __  .___________.____    ____ 
    /       ||   ____||   _  \     |   ____||  \ |  | |  | |           |\   \  /   / 
   |   (----`|  |__   |  |_)  |    |  |__   |   \|  | |  | `---|  |----` \   \/   /  
    \   \    |   __|  |      /     |   __|  |  . `  | |  |     |  |       \_    _/   
.----)   |   |  |____ |  |\  \----.|  |____ |  |\   | |  |     |  |         |  |     
|_______/    |_______|| _| `._____||_______||__| \__| |__|     |__|         |__|    
                                                                                     
 News and tutorials at http://www.serenity-bdd.info                                  
 Documentation at https://wakaleo.gitbooks.io/the-serenity-book/content/             
 Join the Serenity Community on Gitter: https://gitter.im/serenity-bdd/serenity-core 
 Serenity BDD Support and Training at http://serenity-bdd.info/#/trainingandsupport  
 Learn Serenity BDD online at https://www.serenitydojo.net                           
-------------------------------------------------------------------------------------
?[0m
[Test worker] INFO  - Test Suite Started: Como usuario de la plataforma, requiero crear posts en la plataforma y validar escenarios alternos
[Test worker] INFO  - 
___ ____ ____ ___    ____ ___ ____ ____ ___ ____ ___  
 |  |___ [__   |     [__   |  |__| |__/  |  |___ |  \ 
 |  |___ ___]  |     ___]  |  |  | |  \  |  |___ |__/ 
----------------------------------------------------
Creación de post de manera exitosa(como-usuario-de-la-plataforma--requiero-crear-posts-en-la-plataforma-y-validar-escenarios-alternos;creación-de-post-de-manera-exitosa)
-------------------------------------------------------
]]></system-err>
</testsuite>
