<?xml version="1.0" encoding="UTF-8"?>
<testsuite name="com.retochoucair.runners.AutenticationRunner" tests="0" skipped="0" failures="0" errors="0" timestamp="1970-01-01T00:00:00" hostname="MacBook-Pro-de-Mario.local" time="0.0">
  <properties/>
  <system-out><![CDATA[@Regression
Feature: Como usuario de la plataforma, requiero validar la autenticación, tambien de algunos escenarios alternos

  @Regression @AutenticacionExitosa
  Scenario: Diligenciamiento exitoso del formulario de autenticación, no se presenta ningún mensaje de validación. # src/test/resources/features/autentication.feature:6

  @Regression @AutenticacionFallidaConUsuarioRegistrado
  Scenario: Diligenciamiento fallido del formulario de autenticación con usuario registrado y clave invalida, se presenta mensaje de error. # src/test/resources/features/autentication.feature:12

  @Regression @AutenticacionFallidaSinUsuarioRegistrado
  Scenario: Diligenciamiento fallido del formulario de autenticación con usuario no registrado, se presenta mensaje de error. # src/test/resources/features/autentication.feature:18

  @Regression @AutenticacionSinEscribirUsuario
  Scenario: Diligenciamiento del formulario de autenticación sin escribir usuario, se presenta mensaje de error. # src/test/resources/features/autentication.feature:24

  @Regression @AutenticacionSinEscribirClave
  Scenario: Diligenciamiento del formulario de autenticación sin escribir clave, se presenta mensaje de error. # src/test/resources/features/autentication.feature:30

5 Scenarios (5 passed)
15 Steps (15 passed)
0m44.165s

]]></system-out>
  <system-err><![CDATA[[Test worker] INFO  - ?[96m

-------------------------------------------------------------------------------------
     _______. _______ .______       _______ .__   __.  __  .___________.____    ____ 
    /       ||   ____||   _  \     |   ____||  \ |  | |  | |           |\   \  /   / 
   |   (----`|  |__   |  |_)  |    |  |__   |   \|  | |  | `---|  |----` \   \/   /  
    \   \    |   __|  |      /     |   __|  |  . `  | |  |     |  |       \_    _/   
.----)   |   |  |____ |  |\  \----.|  |____ |  |\   | |  |     |  |         |  |     
|_______/    |_______|| _| `._____||_______||__| \__| |__|     |__|         |__|    
                                                                                     
 News and tutorials at http://www.serenity-bdd.info                                  
 Documentation at https://wakaleo.gitbooks.io/the-serenity-book/content/             
 Join the Serenity Community on Gitter: https://gitter.im/serenity-bdd/serenity-core 
 Serenity BDD Support and Training at http://serenity-bdd.info/#/trainingandsupport  
 Learn Serenity BDD online at https://www.serenitydojo.net                           
-------------------------------------------------------------------------------------
?[0m
[Test worker] INFO  - Test Suite Started: Como usuario de la plataforma, requiero validar la autenticación, tambien de algunos escenarios alternos
[Test worker] INFO  - 
___ ____ ____ ___    ____ ___ ____ ____ ___ ____ ___  
 |  |___ [__   |     [__   |  |__| |__/  |  |___ |  \ 
 |  |___ ___]  |     ___]  |  |  | |  \  |  |___ |__/ 
----------------------------------------------------
Diligenciamiento exitoso del formulario de autenticación, no se presenta ningún mensaje de validación.(como-usuario-de-la-plataforma--requiero-validar-la-autenticación--tambien-de-algunos-escenarios-alternos;diligenciamiento-exitoso-del-formulario-de-autenticación--no-se-presenta-ningún-mensaje-de-validación.)
-------------------------------------------------------
[Test worker] INFO  - 
___ ____ ____ ___    ____ ___ ____ ____ ___ ____ ___  
 |  |___ [__   |     [__   |  |__| |__/  |  |___ |  \ 
 |  |___ ___]  |     ___]  |  |  | |  \  |  |___ |__/ 
----------------------------------------------------
Diligenciamiento fallido del formulario de autenticación con usuario registrado y clave invalida, se presenta mensaje de error.(como-usuario-de-la-plataforma--requiero-validar-la-autenticación--tambien-de-algunos-escenarios-alternos;diligenciamiento-fallido-del-formulario-de-autenticación-con-usuario-registrado-y-clave-invalida--se-presenta-mensaje-de-error.)
-------------------------------------------------------
[Test worker] INFO  - 
___ ____ ____ ___    ____ ___ ____ ____ ___ ____ ___  
 |  |___ [__   |     [__   |  |__| |__/  |  |___ |  \ 
 |  |___ ___]  |     ___]  |  |  | |  \  |  |___ |__/ 
----------------------------------------------------
Diligenciamiento fallido del formulario de autenticación con usuario no registrado, se presenta mensaje de error.(como-usuario-de-la-plataforma--requiero-validar-la-autenticación--tambien-de-algunos-escenarios-alternos;diligenciamiento-fallido-del-formulario-de-autenticación-con-usuario-no-registrado--se-presenta-mensaje-de-error.)
-------------------------------------------------------
[Test worker] INFO  - 
___ ____ ____ ___    ____ ___ ____ ____ ___ ____ ___  
 |  |___ [__   |     [__   |  |__| |__/  |  |___ |  \ 
 |  |___ ___]  |     ___]  |  |  | |  \  |  |___ |__/ 
----------------------------------------------------
Diligenciamiento del formulario de autenticación sin escribir usuario, se presenta mensaje de error.(como-usuario-de-la-plataforma--requiero-validar-la-autenticación--tambien-de-algunos-escenarios-alternos;diligenciamiento-del-formulario-de-autenticación-sin-escribir-usuario--se-presenta-mensaje-de-error.)
-------------------------------------------------------
[Test worker] INFO  - 
___ ____ ____ ___    ____ ___ ____ ____ ___ ____ ___  
 |  |___ [__   |     [__   |  |__| |__/  |  |___ |  \ 
 |  |___ ___]  |     ___]  |  |  | |  \  |  |___ |__/ 
----------------------------------------------------
Diligenciamiento del formulario de autenticación sin escribir clave, se presenta mensaje de error.(como-usuario-de-la-plataforma--requiero-validar-la-autenticación--tambien-de-algunos-escenarios-alternos;diligenciamiento-del-formulario-de-autenticación-sin-escribir-clave--se-presenta-mensaje-de-error.)
-------------------------------------------------------
]]></system-err>
</testsuite>
